<?xml version="1.0" encoding="UTF-8"?>
<!-- Generated by org.testng.reporters.JUnitReportReporter -->
<testsuite hostname="DESKTOP-T7EHHSF" failures="1" tests="3" name="com.runner.NaukriRunner" time="20.541" errors="0" timestamp="2025-09-12T19:23:36 IST" skipped="2">
  <testcase classname="com.runner.NaukriRunner" name="propertySetup" time="20.541">
    <failure message="ERROR: OCCUR DURING THE ELEMENT CLICK" type="java.lang.AssertionError">
      <![CDATA[java.lang.AssertionError: ERROR: OCCUR DURING THE ELEMENT CLICK
at org.junit.Assert.fail(Assert.java:89)
at com.reusableMethods.BaseClass.elementClick(BaseClass.java:322)
at com.pageobjectmodel.LoginPage.validLogin(LoginPage.java:31)
at com.runner.NaukriRunner.propertySetup(NaukriRunner.java:21)
at java.base/jdk.internal.reflect.DirectMethodHandleAccessor.invoke(DirectMethodHandleAccessor.java:104)
at java.base/java.lang.reflect.Method.invoke(Method.java:565)
at org.testng.internal.invokers.MethodInvocationHelper.invokeMethod(MethodInvocationHelper.java:141)
at org.testng.internal.invokers.MethodInvocationHelper.invokeMethodConsideringTimeout(MethodInvocationHelper.java:71)
at org.testng.internal.invokers.ConfigInvoker.invokeConfigurationMethod(ConfigInvoker.java:400)
at org.testng.internal.invokers.ConfigInvoker.invokeConfigurations(ConfigInvoker.java:333)
at org.testng.internal.invokers.TestMethodWorker.invokeBeforeClassMethods(TestMethodWorker.java:188)
at org.testng.internal.invokers.TestMethodWorker.run(TestMethodWorker.java:128)
at java.base/java.util.ArrayList.forEach(ArrayList.java:1604)
at org.testng.TestRunner.privateRun(TestRunner.java:741)
at org.testng.TestRunner.run(TestRunner.java:616)
at org.testng.SuiteRunner.runTest(SuiteRunner.java:421)
at org.testng.SuiteRunner.runSequentially(SuiteRunner.java:413)
at org.testng.SuiteRunner.privateRun(SuiteRunner.java:373)
at org.testng.SuiteRunner.run(SuiteRunner.java:312)
at org.testng.SuiteRunnerWorker.runSuite(SuiteRunnerWorker.java:52)
at org.testng.SuiteRunnerWorker.run(SuiteRunnerWorker.java:95)
at org.testng.TestNG.runSuitesSequentially(TestNG.java:1274)
at org.testng.TestNG.runSuitesLocally(TestNG.java:1208)
at org.testng.TestNG.runSuites(TestNG.java:1112)
at org.testng.TestNG.run(TestNG.java:1079)
at org.testng.remote.AbstractRemoteTestNG.run(AbstractRemoteTestNG.java:115)
at org.testng.remote.RemoteTestNG.initAndRun(RemoteTestNG.java:293)
at org.testng.remote.RemoteTestNG.main(RemoteTestNG.java:91)
]]>
    </failure>
  </testcase> <!-- propertySetup -->
  <testcase classname="com.runner.NaukriRunner" name="naukriLogin" time="0.000">
    <skipped/>
  </testcase> <!-- naukriLogin -->
  <testcase classname="com.runner.NaukriRunner" name="resumeUpload" time="0.000">
    <skipped/>
  </testcase> <!-- resumeUpload -->
</testsuite> <!-- com.runner.NaukriRunner -->
